[2025-12-19 05:07:57] [START] ============================================================ EPG生成脚本开始运行 ============================================================
[2025-12-19 05:07:57] [CONFIG] 使用JSON格式配置：zz → {'channel_id_field': 'id_sys', 'user_channel_id_field': 'tvg_id', 'channel_url_path': ['live', 'bjunicom-multicast', 'addr'], 'is_dict_format': True, 'url_replace_rule': None}
[2025-12-19 05:07:57] [CONFIG] 官方EPG下载功能：关闭
[2025-12-19 05:07:57] [STEP1] 开始读取bjcul.txt，过滤分组行和无效行
[2025-12-19 05:07:57] [STEP1] 读取完成 - 过滤40行无效数据，有效频道141个
[2025-12-19 05:07:57] [STEP2] 开始匹配频道ID（https://gh-proxy.org/raw.githubusercontent.com/zzzz0317/beijing-unicom-iptv-playlist/main/playlist-zz.json）
[2025-12-19 05:07:57] [DOWNLOAD] 下载远程文件（重试0/2）：https://gh-proxy.org/raw.githubusercontent.com/zzzz0317/beijing-unicom-iptv-playlist/main/playlist-zz.json
[2025-12-19 05:07:57] [DOWNLOAD_SUCCESS] 下载成功，缓存到：./epg_cache/87aad90527aee88b02944a47604a4a15.txt
[2025-12-19 05:07:57] [STEP2_WARN] 频道北京朝阳未找到id_sys字段
[2025-12-19 05:07:57] [STEP2_WARN] 频道密云电视台未找到id_sys字段
[2025-12-19 05:07:57] [STEP2_WARN] 频道通州电视台未找到id_sys字段
[2025-12-19 05:07:57] [STEP2_WARN] 频道延庆电视台未找到id_sys字段
[2025-12-19 05:07:57] [STEP2_WARN] 频道门头沟电视台未找到id_sys字段
[2025-12-19 05:07:57] [STEP2] 匹配完成 - 成功135个，未匹配6个
[2025-12-19 05:07:57] [STEP2_UNMATCHED] 未匹配频道详细列表：
[2025-12-19 05:07:57] [STEP2_UNMATCHED]   1. 原始名：延庆电视台 | RTP_URL：rtp://239.3.1.187:8001
[2025-12-19 05:07:57] [STEP2_UNMATCHED]   2. 原始名：密云电视台 | RTP_URL：rtp://239.3.1.154:8001
[2025-12-19 05:07:57] [STEP2_UNMATCHED]   3. 原始名：平谷融媒 | RTP_URL：rtp://239.3.1.23:8001
[2025-12-19 05:07:57] [STEP2_UNMATCHED]   4. 原始名：通州融媒 | RTP_URL：rtp://239.3.1.221:8001
[2025-12-19 05:07:57] [STEP2_UNMATCHED]   5. 原始名：门头沟电视台 | RTP_URL：rtp://239.3.1.59:8001
[2025-12-19 05:07:57] [STEP2_UNMATCHED]   6. 原始名：朝阳融媒 | RTP_URL：rtp://239.3.1.163:8001
[2025-12-19 05:07:57] [STEP3] 开始处理官方EPG下载
[2025-12-19 05:07:57] [STEP3_SKIP] 官方EPG下载已关闭，所有匹配到ID的频道将使用外部EPG源
[2025-12-19 05:07:57] [STEP3] 官方EPG处理完成 - 总节目0条，需外部匹配135个
[2025-12-19 05:07:57] [STEP3_PENDING] 待匹配频道总数：141（未匹配ID：6 + 官方处理：135）
[2025-12-19 05:07:57] [STEP4] 开始多EPG源优先级匹配
[2025-12-19 05:07:57] [STEP4_SOURCE] 开始处理第1个EPG源：主EPG源-zzzz0317 (https://gh-proxy.org/raw.githubusercontent.com/zzzz0317/beijing-unicom-iptv-playlist/main/epg.xml.gz)
[2025-12-19 05:07:58] [EPG_PARSE_DETAIL] EPG解析完成 - 频道147个，节目55720条
[2025-12-19 05:07:58] [STEP4_MATCH_FAIL] 频道延庆电视台在主EPG源-zzzz0317中未匹配到外部频道
[2025-12-19 05:07:58] [STEP4_MATCH_FAIL] 频道密云电视台在主EPG源-zzzz0317中未匹配到外部频道
[2025-12-19 05:07:58] [STEP4_MATCH_FAIL] 频道平谷融媒在主EPG源-zzzz0317中未匹配到外部频道
[2025-12-19 05:07:58] [STEP4_MATCH_FAIL] 频道通州融媒在主EPG源-zzzz0317中未匹配到外部频道
[2025-12-19 05:07:58] [STEP4_MATCH_FAIL] 频道门头沟电视台在主EPG源-zzzz0317中未匹配到外部频道
[2025-12-19 05:07:58] [STEP4_MATCH_FAIL] 频道朝阳融媒在主EPG源-zzzz0317中未匹配到外部频道
[2025-12-19 05:07:58] [STEP4_MATCH_SUCCESS] 频道CCTV1(1)在主EPG源-zzzz0317中匹配到CCTV-1高清，新增429条节目
[2025-12-19 05:07:58] [STEP4_MATCH_SUCCESS] 频道CCTV2(2)在主EPG源-zzzz0317中匹配到CCTV-2高清，新增456条节目
[2025-12-19 05:07:58] [STEP4_MATCH_SUCCESS] 频道CCTV3(3)在主EPG源-zzzz0317中匹配到CCTV-3高清，新增221条节目
[2025-12-19 05:07:58] [STEP4_MATCH_SUCCESS] 频道CCTV4(4)在主EPG源-zzzz0317中匹配到CCTV-4高清，新增480条节目
[2025-12-19 05:07:58] [STEP4_MATCH_SUCCESS] 频道CCTV5(5)在主EPG源-zzzz0317中匹配到CCTV-5高清，新增206条节目
[2025-12-19 05:07:58] [STEP4_MATCH_SUCCESS] 频道CCTV6(6)在主EPG源-zzzz0317中匹配到CCTV-6高清，新增220条节目
[2025-12-19 05:07:58] [STEP4_MATCH_SUCCESS] 频道CCTV7(7)在主EPG源-zzzz0317中匹配到CCTV-7高清，新增406条节目
[2025-12-19 05:07:58] [STEP4_MATCH_SUCCESS] 频道CCTV8(8)在主EPG源-zzzz0317中匹配到CCTV-8高清，新增357条节目
[2025-12-19 05:07:58] [STEP4_MATCH_SUCCESS] 频道CCTV9(9)在主EPG源-zzzz0317中匹配到CCTV-9高清，新增337条节目
[2025-12-19 05:07:58] [STEP4_MATCH_SUCCESS] 频道CCTV10(10)在主EPG源-zzzz0317中匹配到CCTV-10高清，新增398条节目
[2025-12-19 05:07:58] [STEP4_MATCH_SUCCESS] 频道CCTV11(11)在主EPG源-zzzz0317中匹配到CCTV-11高清，新增250条节目
[2025-12-19 05:07:58] [STEP4_MATCH_SUCCESS] 频道CCTV12(12)在主EPG源-zzzz0317中匹配到CCTV-12高清，新增361条节目
[2025-12-19 05:07:58] [STEP4_MATCH_SUCCESS] 频道CCTV13(13)在主EPG源-zzzz0317中匹配到CCTV-13高清，新增412条节目
[2025-12-19 05:07:58] [STEP4_MATCH_SUCCESS] 频道CCTV14(14)在主EPG源-zzzz0317中匹配到CCTV-14高清，新增198条节目
[2025-12-19 05:07:58] [STEP4_MATCH_SUCCESS] 频道CCTV15(15)在主EPG源-zzzz0317中匹配到CCTV-15高清，新增239条节目
[2025-12-19 05:07:58] [STEP4_MATCH_SUCCESS] 频道CCTV16(16)在主EPG源-zzzz0317中匹配到CCTV-16 4K，新增272条节目
[2025-12-19 05:07:58] [STEP4_MATCH_SUCCESS] 频道CCTV17(17)在主EPG源-zzzz0317中匹配到CCTV-17高清，新增376条节目
[2025-12-19 05:07:58] [STEP4_MATCH_SUCCESS] 频道CCTV5+(18)在主EPG源-zzzz0317中匹配到CCTV-5+，新增34条节目
[2025-12-19 05:07:58] [STEP4_MATCH_SUCCESS] 频道北京卫视(21)在主EPG源-zzzz0317中匹配到北京卫视4K超高清，新增412条节目
[2025-12-19 05:07:58] [STEP4_MATCH_SUCCESS] 频道BRTV文艺(22)在主EPG源-zzzz0317中匹配到BRTV文艺，新增433条节目
[2025-12-19 05:07:58] [STEP4_MATCH_SUCCESS] 频道BRTV纪实科教(23)在主EPG源-zzzz0317中匹配到BRTV纪实科教，新增416条节目
[2025-12-19 05:07:58] [STEP4_MATCH_SUCCESS] 频道BRTV影视(24)在主EPG源-zzzz0317中匹配到BRTV影视，新增490条节目
[2025-12-19 05:07:58] [STEP4_MATCH_SUCCESS] 频道BRTV财经(25)在主EPG源-zzzz0317中匹配到BRTV财经，新增352条节目
[2025-12-19 05:07:58] [STEP4_MATCH_SUCCESS] 频道BRTV体育休闲(26)在主EPG源-zzzz0317中匹配到BRTV体育休闲高清，新增261条节目
[2025-12-19 05:07:58] [STEP4_MATCH_SUCCESS] 频道BRTV生活(27)在主EPG源-zzzz0317中匹配到BRTV生活，新增535条节目
[2025-12-19 05:07:58] [STEP4_MATCH_SUCCESS] 频道BRTV卡酷少儿(28)在主EPG源-zzzz0317中匹配到BRTV卡酷少儿，新增675条节目
[2025-12-19 05:07:58] [STEP4_MATCH_SUCCESS] 频道BRTV新闻(29)在主EPG源-zzzz0317中匹配到BRTV新闻，新增349条节目
[2025-12-19 05:07:58] [STEP4_MATCH_SUCCESS] 频道北京萌宠TV(34)在主EPG源-zzzz0317中匹配到萌宠TV，新增293条节目
[2025-12-19 05:07:58] [STEP4_MATCH_SUCCESS] 频道北京淘Baby(36)在主EPG源-zzzz0317中匹配到淘Baby，新增382条节目
[2025-12-19 05:07:58] [STEP4_MATCH_SUCCESS] 频道北京淘剧场(37)在主EPG源-zzzz0317中匹配到淘剧场，新增481条节目
[2025-12-19 05:07:58] [STEP4_MATCH_SUCCESS] 频道北京淘电影(38)在主EPG源-zzzz0317中匹配到淘电影，新增195条节目
[2025-12-19 05:07:58] [STEP4_MATCH_SUCCESS] 频道北京淘娱乐(39)在主EPG源-zzzz0317中匹配到淘娱乐，新增315条节目
[2025-12-19 05:07:58] [STEP4_MATCH_SUCCESS] 频道北京4K超清(40)在主EPG源-zzzz0317中匹配到4K超清，新增189条节目
[2025-12-19 05:07:58] [STEP4_MATCH_SUCCESS] 频道湖南卫视(41)在主EPG源-zzzz0317中匹配到湖南卫视高清，新增346条节目
[2025-12-19 05:07:58] [STEP4_MATCH_SUCCESS] 频道江苏卫视(44)在主EPG源-zzzz0317中匹配到江苏卫视高清，新增340条节目
[2025-12-19 05:07:58] [STEP4_MATCH_SUCCESS] 频道东方卫视(45)在主EPG源-zzzz0317中匹配到东方卫视高清，新增478条节目
[2025-12-19 05:07:58] [STEP4_MATCH_SUCCESS] 频道浙江卫视(46)在主EPG源-zzzz0317中匹配到浙江卫视高清，新增495条节目
[2025-12-19 05:07:58] [STEP4_MATCH_SUCCESS] 频道湖北卫视(47)在主EPG源-zzzz0317中匹配到湖北卫视高清，新增372条节目
[2025-12-19 05:07:58] [STEP4_MATCH_SUCCESS] 频道天津卫视(48)在主EPG源-zzzz0317中匹配到天津卫视高清，新增267条节目
[2025-12-19 05:07:58] [STEP4_MATCH_SUCCESS] 频道山东卫视(50)在主EPG源-zzzz0317中匹配到山东卫视高清，新增384条节目
[2025-12-19 05:07:58] [STEP4_MATCH_SUCCESS] 频道辽宁卫视(51)在主EPG源-zzzz0317中匹配到辽宁卫视高清，新增162条节目
[2025-12-19 05:07:58] [STEP4_MATCH_SUCCESS] 频道安徽卫视(52)在主EPG源-zzzz0317中匹配到安徽卫视高清，新增412条节目
[2025-12-19 05:07:58] [STEP4_MATCH_FAIL] 频道黑龙江卫视在主EPG源-zzzz0317中未匹配到外部频道
[2025-12-19 05:07:58] [STEP4_MATCH_SUCCESS] 频道贵州卫视(55)在主EPG源-zzzz0317中匹配到贵州卫视高清，新增443条节目
[2025-12-19 05:07:58] [STEP4_MATCH_SUCCESS] 频道东南卫视(56)在主EPG源-zzzz0317中匹配到东南卫视高清，新增338条节目
[2025-12-19 05:07:58] [STEP4_MATCH_SUCCESS] 频道重庆卫视(57)在主EPG源-zzzz0317中匹配到重庆卫视高清，新增338条节目
[2025-12-19 05:07:58] [STEP4_MATCH_SUCCESS] 频道江西卫视(58)在主EPG源-zzzz0317中匹配到江西卫视高清，新增340条节目
[2025-12-19 05:07:58] [STEP4_MATCH_SUCCESS] 频道河南卫视(59)在主EPG源-zzzz0317中匹配到河南卫视高清，新增528条节目
[2025-12-19 05:07:58] [STEP4_MATCH_SUCCESS] 频道甘肃卫视(62)在主EPG源-zzzz0317中匹配到甘肃卫视高清，新增344条节目
[2025-12-19 05:07:58] [STEP4_MATCH_SUCCESS] 频道西藏卫视(63)在主EPG源-zzzz0317中匹配到西藏卫视高清，新增1010条节目
[2025-12-19 05:07:58] [STEP4_MATCH_SUCCESS] 频道新疆卫视(64)在主EPG源-zzzz0317中匹配到新疆卫视高清，新增438条节目
[2025-12-19 05:07:58] [STEP4_MATCH_SUCCESS] 频道兵团卫视(65)在主EPG源-zzzz0317中匹配到兵团卫视高清，新增365条节目
[2025-12-19 05:07:58] [STEP4_MATCH_SUCCESS] 频道睛彩竞技(66)在主EPG源-zzzz0317中匹配到睛彩竞技，新增324条节目
[2025-12-19 05:07:58] [STEP4_MATCH_SUCCESS] 频道睛彩篮球(67)在主EPG源-zzzz0317中匹配到睛彩篮球，新增450条节目
[2025-12-19 05:07:58] [STEP4_MATCH_SUCCESS] 频道睛彩青少(68)在主EPG源-zzzz0317中匹配到睛彩青少，新增459条节目
[2025-12-19 05:07:58] [STEP4_MATCH_SUCCESS] 频道睛彩广场舞(69)在主EPG源-zzzz0317中匹配到睛彩广场舞，新增320条节目
[2025-12-19 05:07:58] [STEP4_MATCH_FAIL] 频道宁夏卫视在主EPG源-zzzz0317中未匹配到外部频道
[2025-12-19 05:07:58] [STEP4_MATCH_SUCCESS] 频道广东卫视(72)在主EPG源-zzzz0317中匹配到广东卫视4K超高清，新增152条节目
[2025-12-19 05:07:58] [STEP4_MATCH_SUCCESS] 频道河北卫视(73)在主EPG源-zzzz0317中匹配到河北卫视高清，新增179条节目
[2025-12-19 05:07:58] [STEP4_MATCH_SUCCESS] 频道深圳卫视(74)在主EPG源-zzzz0317中匹配到深圳卫视4K超高清，新增243条节目
[2025-12-19 05:07:58] [STEP4_MATCH_SUCCESS] 频道CETV1(76)在主EPG源-zzzz0317中匹配到CETV1高清，新增658条节目
[2025-12-19 05:07:58] [STEP4_MATCH_SUCCESS] 频道金鹰纪实(77)在主EPG源-zzzz0317中匹配到金鹰纪实高清，新增546条节目
[2025-12-19 05:07:58] [STEP4_MATCH_FAIL] 频道吉林卫视在主EPG源-zzzz0317中未匹配到外部频道
[2025-12-19 05:07:58] [STEP4_MATCH_SUCCESS] 频道中国交通(79)在主EPG源-zzzz0317中匹配到中国交通，新增340条节目
[2025-12-19 05:07:58] [STEP4_MATCH_SUCCESS] 频道北京卫视4KSDR(81)在主EPG源-zzzz0317中匹配到北京卫视4K超高清，新增412条节目
[2025-12-19 05:07:58] [STEP4_MATCH_SUCCESS] 频道CCTV4K(85)在主EPG源-zzzz0317中匹配到CCTV4K超高清HDR，新增127条节目
[2025-12-19 05:07:58] [STEP4_MATCH_SUCCESS] 频道BTV国际频道(131)在主EPG源-zzzz0317中匹配到BTV国际频道，新增402条节目
[2025-12-19 05:07:58] [STEP4_MATCH_SUCCESS] 频道山东教育(139)在主EPG源-zzzz0317中匹配到山东教育，新增321条节目
[2025-12-19 05:07:58] [STEP4_MATCH_SUCCESS] 频道四川卫视(142)在主EPG源-zzzz0317中匹配到四川卫视，新增262条节目
[2025-12-19 05:07:58] [STEP4_MATCH_SUCCESS] 频道广西卫视(152)在主EPG源-zzzz0317中匹配到广西卫视，新增305条节目
[2025-12-19 05:07:58] [STEP4_MATCH_SUCCESS] 频道陕西卫视(154)在主EPG源-zzzz0317中匹配到陕西卫视，新增376条节目
[2025-12-19 05:07:58] [STEP4_MATCH_SUCCESS] 频道山西卫视(155)在主EPG源-zzzz0317中匹配到山西卫视，新增182条节目
[2025-12-19 05:07:58] [STEP4_MATCH_SUCCESS] 频道内蒙古卫视(156)在主EPG源-zzzz0317中匹配到内蒙古卫视，新增416条节目
[2025-12-19 05:07:58] [STEP4_MATCH_FAIL] 频道青海卫视在主EPG源-zzzz0317中未匹配到外部频道
[2025-12-19 05:07:58] [STEP4_MATCH_SUCCESS] 频道海南卫视(158)在主EPG源-zzzz0317中匹配到海南卫视，新增217条节目
[2025-12-19 05:07:58] [STEP4_MATCH_SUCCESS] 频道三沙卫视(163)在主EPG源-zzzz0317中匹配到三沙卫视，新增474条节目
[2025-12-19 05:07:58] [STEP4_MATCH_SUCCESS] 频道云南卫视(164)在主EPG源-zzzz0317中匹配到云南卫视，新增411条节目
[2025-12-19 05:07:58] [STEP4_MATCH_SUCCESS] 频道厦门卫视(166)在主EPG源-zzzz0317中匹配到厦门卫视，新增404条节目
[2025-12-19 05:07:58] [STEP4_MATCH_SUCCESS] 频道金鹰卡通(169)在主EPG源-zzzz0317中匹配到金鹰卡通，新增390条节目
[2025-12-19 05:07:58] [STEP4_MATCH_SUCCESS] 频道嘉佳卡通(170)在主EPG源-zzzz0317中匹配到嘉佳卡通，新增1425条节目
[2025-12-19 05:07:58] [STEP4_MATCH_SUCCESS] 频道CETV2(172)在主EPG源-zzzz0317中匹配到CETV2，新增603条节目
[2025-12-19 05:07:58] [STEP4_MATCH_SUCCESS] 频道CETV4(174)在主EPG源-zzzz0317中匹配到CETV4，新增477条节目
[2025-12-19 05:07:58] [STEP4_MATCH_SUCCESS] 频道热播剧场(202)在主EPG源-zzzz0317中匹配到热播剧场，新增361条节目
[2025-12-19 05:07:58] [STEP4_MATCH_SUCCESS] 频道经典电影(203)在主EPG源-zzzz0317中匹配到经典电影，新增151条节目
[2025-12-19 05:07:58] [STEP4_MATCH_SUCCESS] 频道魅力时尚(204)在主EPG源-zzzz0317中匹配到魅力时尚，新增367条节目
[2025-12-19 05:07:58] [STEP4_MATCH_SUCCESS] 频道少儿动画(207)在主EPG源-zzzz0317中匹配到少儿动画，新增201条节目
[2025-12-19 05:07:58] [STEP4_MATCH_FAIL] 频道房山电视台在主EPG源-zzzz0317中未匹配到外部频道
[2025-12-19 05:07:58] [STEP4_MATCH_SUCCESS] 频道快乐垂钓(320)在主EPG源-zzzz0317中匹配到快乐垂钓，新增211条节目
[2025-12-19 05:07:58] [STEP4_MATCH_SUCCESS] 频道茶频道(321)在主EPG源-zzzz0317中匹配到茶，新增283条节目
[2025-12-19 05:07:58] [STEP4_MATCH_SUCCESS] 频道CCTV4欧洲(341)在主EPG源-zzzz0317中匹配到CCTV4K超高清HDR，新增127条节目
[2025-12-19 05:07:58] [STEP4_MATCH_SUCCESS] 频道CCTV4美洲(342)在主EPG源-zzzz0317中匹配到CCTV4K超高清HDR，新增127条节目
[2025-12-19 05:07:58] [STEP4_MATCH_SUCCESS] 频道CGTN(343)在主EPG源-zzzz0317中匹配到CGTN 英语高清，新增488条节目
[2025-12-19 05:07:58] [STEP4_MATCH_FAIL] 频道CGTN纪录在主EPG源-zzzz0317中未匹配到外部频道
[2025-12-19 05:07:58] [STEP4_MATCH_SUCCESS] 频道CGTN西班牙语(345)在主EPG源-zzzz0317中匹配到CGTN 西班牙语高清，新增538条节目
[2025-12-19 05:07:58] [STEP4_MATCH_SUCCESS] 频道CGTN法语(346)在主EPG源-zzzz0317中匹配到CGTN 法语高清，新增446条节目
[2025-12-19 05:07:58] [STEP4_MATCH_SUCCESS] 频道CGTN阿拉伯语(347)在主EPG源-zzzz0317中匹配到CGTN 阿拉伯语高清，新增495条节目
[2025-12-19 05:07:58] [STEP4_MATCH_SUCCESS] 频道CGTN俄语(348)在主EPG源-zzzz0317中匹配到CGTN 俄语高清，新增517条节目
[2025-12-19 05:07:58] [STEP4_MATCH_SUCCESS] 频道重温经典(349)在主EPG源-zzzz0317中匹配到重温经典，新增109条节目
[2025-12-19 05:07:58] [STEP4_MATCH_SUCCESS] 频道城市剧场(351)在主EPG源-zzzz0317中匹配到城市剧场，新增366条节目
[2025-12-19 05:07:58] [STEP4_MATCH_SUCCESS] 频道军旅剧场(352)在主EPG源-zzzz0317中匹配到军旅剧场，新增358条节目
[2025-12-19 05:07:58] [STEP4_MATCH_SUCCESS] 频道古装剧场(353)在主EPG源-zzzz0317中匹配到古装剧场，新增432条节目
[2025-12-19 05:07:58] [STEP4_MATCH_SUCCESS] 频道音乐现场(354)在主EPG源-zzzz0317中匹配到音乐现场，新增266条节目
[2025-12-19 05:07:58] [STEP4_MATCH_SUCCESS] 频道地理(355)在主EPG源-zzzz0317中匹配到地理，新增444条节目
[2025-12-19 05:07:58] [STEP4_MATCH_SUCCESS] 频道美妆(356)在主EPG源-zzzz0317中匹配到美妆，新增360条节目
[2025-12-19 05:07:58] [STEP4_MATCH_SUCCESS] 频道美人(357)在主EPG源-zzzz0317中匹配到美人，新增361条节目
[2025-12-19 05:07:58] [STEP4_MATCH_SUCCESS] 频道精选(358)在主EPG源-zzzz0317中匹配到精选，新增156条节目
[2025-12-19 05:07:58] [STEP4_MATCH_SUCCESS] 频道解密(359)在主EPG源-zzzz0317中匹配到解密，新增441条节目
[2025-12-19 05:07:58] [STEP4_MATCH_SUCCESS] 频道军事(360)在主EPG源-zzzz0317中匹配到军事，新增626条节目
[2025-12-19 05:07:58] [STEP4_MATCH_SUCCESS] 频道国学(361)在主EPG源-zzzz0317中匹配到国学，新增280条节目
[2025-12-19 05:07:58] [STEP4_MATCH_SUCCESS] 频道戏曲(362)在主EPG源-zzzz0317中匹配到戏曲，新增213条节目
[2025-12-19 05:07:58] [STEP4_MATCH_SUCCESS] 频道早教(363)在主EPG源-zzzz0317中匹配到早教，新增403条节目
[2025-12-19 05:07:58] [STEP4_MATCH_SUCCESS] 频道动画(364)在主EPG源-zzzz0317中匹配到动画，新增1550条节目
[2025-12-19 05:07:58] [STEP4_MATCH_SUCCESS] 频道好学生(365)在主EPG源-zzzz0317中匹配到好学生，新增242条节目
[2025-12-19 05:07:58] [STEP4_MATCH_SUCCESS] 频道鉴赏(366)在主EPG源-zzzz0317中匹配到鉴赏，新增333条节目
[2025-12-19 05:07:58] [STEP4_MATCH_SUCCESS] 频道墨宝(367)在主EPG源-zzzz0317中匹配到墨宝，新增251条节目
[2025-12-19 05:07:58] [STEP4_MATCH_SUCCESS] 频道光影(368)在主EPG源-zzzz0317中匹配到光影，新增153条节目
[2025-12-19 05:07:58] [STEP4_MATCH_SUCCESS] 频道爱生活(370)在主EPG源-zzzz0317中匹配到爱生活，新增370条节目
[2025-12-19 05:07:58] [STEP4_MATCH_SUCCESS] 频道武术(371)在主EPG源-zzzz0317中匹配到武术，新增403条节目
[2025-12-19 05:07:58] [STEP4_MATCH_SUCCESS] 频道红色影院(372)在主EPG源-zzzz0317中匹配到红色影院，新增178条节目
[2025-12-19 05:07:58] [STEP4_MATCH_SUCCESS] 频道足球(373)在主EPG源-zzzz0317中匹配到足球，新增282条节目
[2025-12-19 05:07:58] [STEP4_MATCH_SUCCESS] 频道武侠剧场(374)在主EPG源-zzzz0317中匹配到武侠剧场，新增359条节目
[2025-12-19 05:07:58] [STEP4_MATCH_SUCCESS] 频道喜剧影院(375)在主EPG源-zzzz0317中匹配到喜剧影院，新增157条节目
[2025-12-19 05:07:58] [STEP4_MATCH_SUCCESS] 频道动作影院(376)在主EPG源-zzzz0317中匹配到动作影院，新增152条节目
[2025-12-19 05:07:58] [STEP4_MATCH_SUCCESS] 频道家庭影院(377)在主EPG源-zzzz0317中匹配到家庭影院，新增153条节目
[2025-12-19 05:07:58] [STEP4_MATCH_SUCCESS] 频道星影(378)在主EPG源-zzzz0317中匹配到星影，新增155条节目
[2025-12-19 05:07:58] [STEP4_MATCH_SUCCESS] 频道爱上4K(401)在主EPG源-zzzz0317中匹配到爱上4K，新增149条节目
[2025-12-19 05:07:58] [STEP4_MATCH_SUCCESS] 频道湖南卫视4K(405)在主EPG源-zzzz0317中匹配到湖南卫视高清，新增346条节目
[2025-12-19 05:07:58] [STEP4_MATCH_SUCCESS] 频道广东卫视4K(406)在主EPG源-zzzz0317中匹配到广东卫视4K超高清，新增152条节目
[2025-12-19 05:07:58] [STEP4_MATCH_SUCCESS] 频道江苏卫视4K(407)在主EPG源-zzzz0317中匹配到江苏卫视高清，新增340条节目
[2025-12-19 05:07:58] [STEP4_MATCH_SUCCESS] 频道深圳卫视4K(408)在主EPG源-zzzz0317中匹配到深圳卫视4K超高清，新增243条节目
[2025-12-19 05:07:58] [STEP4_MATCH_SUCCESS] 频道东方卫视4K(409)在主EPG源-zzzz0317中匹配到东方卫视高清，新增478条节目
[2025-12-19 05:07:58] [STEP4_MATCH_SUCCESS] 频道浙江卫视4K(410)在主EPG源-zzzz0317中匹配到浙江卫视高清，新增495条节目
[2025-12-19 05:07:58] [STEP4_MATCH_SUCCESS] 频道山东卫视4K(411)在主EPG源-zzzz0317中匹配到山东卫视高清，新增384条节目
[2025-12-19 05:07:58] [STEP4_MATCH_SUCCESS] 频道四川卫视4K(412)在主EPG源-zzzz0317中匹配到四川卫视，新增262条节目
[2025-12-19 05:07:58] [STEP4_MATCH_SUCCESS] 频道北京卫视4K(421)在主EPG源-zzzz0317中匹配到北京卫视4K超高清，新增412条节目
[2025-12-19 05:07:58] [STEP4_SOURCE_SUMMARY] 主EPG源-zzzz0317匹配完成 - 成功129个，剩余待匹配12个
[2025-12-19 05:07:58] [STEP4_SOURCE] 开始处理第2个EPG源：备用EPG源1-zsdc (https://epg.zsdc.eu.org/t.xml.gz)
[2025-12-19 05:07:59] [EPG_PARSE_DETAIL] EPG解析完成 - 频道109个，节目33849条
[2025-12-19 05:07:59] [STEP4_MATCH_FAIL] 频道延庆电视台在备用EPG源1-zsdc中未匹配到外部频道
[2025-12-19 05:07:59] [STEP4_MATCH_FAIL] 频道密云电视台在备用EPG源1-zsdc中未匹配到外部频道
[2025-12-19 05:07:59] [STEP4_MATCH_FAIL] 频道平谷融媒在备用EPG源1-zsdc中未匹配到外部频道
[2025-12-19 05:07:59] [STEP4_MATCH_FAIL] 频道通州融媒在备用EPG源1-zsdc中未匹配到外部频道
[2025-12-19 05:07:59] [STEP4_MATCH_FAIL] 频道门头沟电视台在备用EPG源1-zsdc中未匹配到外部频道
[2025-12-19 05:07:59] [STEP4_MATCH_FAIL] 频道朝阳融媒在备用EPG源1-zsdc中未匹配到外部频道
[2025-12-19 05:07:59] [STEP4_MATCH_SUCCESS] 频道黑龙江卫视(53)在备用EPG源1-zsdc中匹配到黑龙江卫视，新增300条节目
[2025-12-19 05:07:59] [STEP4_MATCH_SUCCESS] 频道宁夏卫视(71)在备用EPG源1-zsdc中匹配到宁夏卫视，新增367条节目
[2025-12-19 05:07:59] [STEP4_MATCH_SUCCESS] 频道吉林卫视(78)在备用EPG源1-zsdc中匹配到吉林卫视，新增418条节目
[2025-12-19 05:07:59] [STEP4_MATCH_SUCCESS] 频道青海卫视(157)在备用EPG源1-zsdc中匹配到青海卫视，新增299条节目
[2025-12-19 05:07:59] [STEP4_MATCH_FAIL] 频道房山电视台在备用EPG源1-zsdc中未匹配到外部频道
[2025-12-19 05:07:59] [STEP4_MATCH_FAIL] 频道CGTN纪录在备用EPG源1-zsdc中未匹配到外部频道
[2025-12-19 05:07:59] [STEP4_SOURCE_SUMMARY] 备用EPG源1-zsdc匹配完成 - 成功4个，剩余待匹配8个
[2025-12-19 05:07:59] [STEP4_SOURCE] 开始处理第3个EPG源：备用EPG源2-e.erw.cc (https://raw.githubusercontent.com/kuke31/xmlgz/main/all.xml.gz)
[2025-12-19 05:08:00] [EPG_PARSE_DETAIL] EPG解析完成 - 频道526个，节目131108条
[2025-12-19 05:08:00] [STEP4_MATCH_FAIL] 频道延庆电视台在备用EPG源2-e.erw.cc中未匹配到外部频道
[2025-12-19 05:08:00] [STEP4_MATCH_FAIL] 频道密云电视台在备用EPG源2-e.erw.cc中未匹配到外部频道
[2025-12-19 05:08:00] [STEP4_MATCH_FAIL] 频道平谷融媒在备用EPG源2-e.erw.cc中未匹配到外部频道
[2025-12-19 05:08:00] [STEP4_MATCH_FAIL] 频道通州融媒在备用EPG源2-e.erw.cc中未匹配到外部频道
[2025-12-19 05:08:00] [STEP4_MATCH_FAIL] 频道门头沟电视台在备用EPG源2-e.erw.cc中未匹配到外部频道
[2025-12-19 05:08:00] [STEP4_MATCH_FAIL] 频道朝阳融媒在备用EPG源2-e.erw.cc中未匹配到外部频道
[2025-12-19 05:08:00] [STEP4_MATCH_FAIL] 频道房山电视台在备用EPG源2-e.erw.cc中未匹配到外部频道
[2025-12-19 05:08:00] [STEP4_MATCH_SUCCESS] 频道CGTN纪录(344)在备用EPG源2-e.erw.cc中匹配到CGTN纪录，新增240条节目
[2025-12-19 05:08:00] [STEP4_SOURCE_SUMMARY] 备用EPG源2-e.erw.cc匹配完成 - 成功1个，剩余待匹配7个
[2025-12-19 05:08:00] [STEP4_SOURCE] 开始处理第4个EPG源：备用EPG源3-112114 (https://gitee.com/taksssss/tv/raw/main/epg/112114.xml.gz)
[2025-12-19 05:08:11] [EPG_PARSE_DETAIL] EPG解析完成 - 频道706个，节目19825条
[2025-12-19 05:08:11] [STEP4_MATCH_FAIL] 频道延庆电视台在备用EPG源3-112114中未匹配到外部频道
[2025-12-19 05:08:11] [STEP4_MATCH_FAIL] 频道密云电视台在备用EPG源3-112114中未匹配到外部频道
[2025-12-19 05:08:11] [STEP4_MATCH_FAIL] 频道平谷融媒在备用EPG源3-112114中未匹配到外部频道
[2025-12-19 05:08:11] [STEP4_MATCH_FAIL] 频道通州融媒在备用EPG源3-112114中未匹配到外部频道
[2025-12-19 05:08:11] [STEP4_MATCH_FAIL] 频道门头沟电视台在备用EPG源3-112114中未匹配到外部频道
[2025-12-19 05:08:11] [STEP4_MATCH_FAIL] 频道朝阳融媒在备用EPG源3-112114中未匹配到外部频道
[2025-12-19 05:08:11] [STEP4_MATCH_FAIL] 频道房山电视台在备用EPG源3-112114中未匹配到外部频道
[2025-12-19 05:08:11] [STEP4_SOURCE_SUMMARY] 备用EPG源3-112114匹配完成 - 成功0个，剩余待匹配7个
[2025-12-19 05:08:11] [STEP4_SOURCE] 开始处理第5个EPG源：备用EPG源4-51zmt (https://gitee.com/taksssss/tv/raw/main/epg/51zmt.xml.gz)
[2025-12-19 05:08:20] [EPG_PARSE_DETAIL] EPG解析完成 - 频道182个，节目12546条
[2025-12-19 05:08:20] [STEP4_MATCH_FAIL] 频道延庆电视台在备用EPG源4-51zmt中未匹配到外部频道
[2025-12-19 05:08:20] [STEP4_MATCH_FAIL] 频道密云电视台在备用EPG源4-51zmt中未匹配到外部频道
[2025-12-19 05:08:20] [STEP4_MATCH_FAIL] 频道平谷融媒在备用EPG源4-51zmt中未匹配到外部频道
[2025-12-19 05:08:20] [STEP4_MATCH_FAIL] 频道通州融媒在备用EPG源4-51zmt中未匹配到外部频道
[2025-12-19 05:08:20] [STEP4_MATCH_FAIL] 频道门头沟电视台在备用EPG源4-51zmt中未匹配到外部频道
[2025-12-19 05:08:20] [STEP4_MATCH_FAIL] 频道朝阳融媒在备用EPG源4-51zmt中未匹配到外部频道
[2025-12-19 05:08:20] [STEP4_MATCH_FAIL] 频道房山电视台在备用EPG源4-51zmt中未匹配到外部频道
[2025-12-19 05:08:20] [STEP4_SOURCE_SUMMARY] 备用EPG源4-51zmt匹配完成 - 成功0个，剩余待匹配7个
[2025-12-19 05:08:20] [STEP4_FINAL_SUMMARY] 多EPG源匹配汇总 - 总匹配134个，最终未匹配7个
[2025-12-19 05:08:20] [STEP4_UNMATCHED_FINAL] 最终未匹配的频道列表：
[2025-12-19 05:08:20] [STEP4_UNMATCHED_FINAL]   1. 类型：unmatched_id | 原始名：延庆电视台 | RTP：rtp://239.3.1.187:8001
[2025-12-19 05:08:20] [STEP4_UNMATCHED_FINAL]   2. 类型：unmatched_id | 原始名：密云电视台 | RTP：rtp://239.3.1.154:8001
[2025-12-19 05:08:20] [STEP4_UNMATCHED_FINAL]   3. 类型：unmatched_id | 原始名：平谷融媒 | RTP：rtp://239.3.1.23:8001
[2025-12-19 05:08:20] [STEP4_UNMATCHED_FINAL]   4. 类型：unmatched_id | 原始名：通州融媒 | RTP：rtp://239.3.1.221:8001
[2025-12-19 05:08:20] [STEP4_UNMATCHED_FINAL]   5. 类型：unmatched_id | 原始名：门头沟电视台 | RTP：rtp://239.3.1.59:8001
[2025-12-19 05:08:20] [STEP4_UNMATCHED_FINAL]   6. 类型：unmatched_id | 原始名：朝阳融媒 | RTP：rtp://239.3.1.163:8001
[2025-12-19 05:08:20] [STEP4_UNMATCHED_FINAL]   7. 类型：official_skip | 原始名：房山电视台 | RTP：rtp://239.3.1.96:8001
[2025-12-19 05:08:20] [STEP5] 开始生成最终EPG XML文件
[2025-12-19 05:08:21] [STEP5] EPG XML生成成功 - 保存路径：./epg.xml
[2025-12-19 05:08:21] [STEP5_DETAIL] 频道统计：已匹配频道135个，临时频道0个
[2025-12-19 05:08:21] [STEP5_DETAIL] 节目统计：总节目48455条（去重后），非未知节目48455条
[2025-12-19 05:08:21] [GZ_COMPRESS] 开始压缩XML文件：./epg.xml → ./epg.xml.gz
[2025-12-19 05:08:21] [GZ_SUCCESS] 压缩成功！原大小：7077074字节，压缩后：504223字节，压缩率：92.88%
[2025-12-19 05:08:21] [STEP6] 开始统计最终运行结果
[2025-12-19 05:08:21] [STEP6_SUMMARY] ============================== 运行结果汇总 ==============================
[2025-12-19 05:08:21] [STEP6_SUMMARY] 总运行时间(秒)：24.02
[2025-12-19 05:08:21] [STEP6_SUMMARY] bjcul有效频道数：141
[2025-12-19 05:08:21] [STEP6_SUMMARY] 匹配到ID的频道数：135
[2025-12-19 05:08:21] [STEP6_SUMMARY] 官方EPG处理频道数：135
[2025-12-19 05:08:21] [STEP6_SUMMARY] 外部EPG匹配成功数：134
[2025-12-19 05:08:21] [STEP6_SUMMARY] 最终未匹配频道数：7
[2025-12-19 05:08:21] [STEP6_SUMMARY] 最终EPG频道数：135
[2025-12-19 05:08:21] [STEP6_SUMMARY] 最终EPG节目数(去重)：48455
[2025-12-19 05:08:21] [STEP6_SUMMARY] 非未知节目数：48455
[2025-12-19 05:08:21] [END] ============================================================ EPG生成脚本运行结束 ============================================================


